#
# There is insufficient memory for the Java Runtime Environment to continue.
# Native memory allocation (mmap) failed to map 98566144 bytes for G1 virtual space
# Possible reasons:
#   The system is out of physical RAM or swap space
#   The process is running with CompressedOops enabled, and the Java Heap may be blocking the growth of the native heap
# Possible solutions:
#   Reduce memory load on the system
#   Increase physical memory or swap space
#   Check if swap backing store is full
#   Decrease Java heap size (-Xmx/-Xms)
#   Decrease number of Java threads
#   Decrease Java thread stack sizes (-Xss)
#   Set larger code cache with -XX:ReservedCodeCacheSize=
#   JVM is running with Unscaled Compressed Oops mode in which the Java heap is
#     placed in the first 4GB address space. The Java Heap base address is the
#     maximum limit for the native heap growth. Please use -XX:HeapBaseMinAddress
#     to set the Java Heap base and to place the Java Heap above 4GB virtual address.
# This output file may be truncated or incomplete.
#
#  Out of Memory Error (os_windows.cpp:3825), pid=28144, tid=13876
#
# JRE version:  (17.0.10) (build )
# Java VM: OpenJDK 64-Bit Server VM (17.0.10+0--11572160, mixed mode, sharing, tiered, compressed oops, compressed class ptrs, g1 gc, windows-amd64)
# No core dump will be written. Minidumps are not enabled by default on client versions of Windows
#

---------------  S U M M A R Y ------------

Command Line: 

Host: AMD Ryzen 3 5300U with Radeon Graphics         , 8 cores, 5G,  Windows 11 , 64 bit Build 22621 (10.0.22621.3527)
Time: Wed Jun  5 20:44:49 2024 SE Asia Standard Time elapsed time: 0.016793 seconds (0d 0h 0m 0s)

---------------  T H R E A D  ---------------

Current thread (0x0000018a9f649fb0):  JavaThread "Unknown thread" [_thread_in_vm, id=13876, stack(0x00000075ee600000,0x00000075ee700000)]

Stack: [0x00000075ee600000,0x00000075ee700000]
Native frames: (J=compiled Java code, j=interpreted, Vv=VM code, C=native code)
V  [jvm.dll+0x688e89]
V  [jvm.dll+0x84247a]
V  [jvm.dll+0x8440be]
V  [jvm.dll+0x844723]
V  [jvm.dll+0x24be0f]
V  [jvm.dll+0x685c59]
V  [jvm.dll+0x67a50a]
V  [jvm.dll+0x30cbab]
V  [jvm.dll+0x314056]
V  [jvm.dll+0x363dce]
V  [jvm.dll+0x363fff]
V  [jvm.dll+0x2e2978]
V  [jvm.dll+0x2e38e4]
V  [jvm.dll+0x813011]
V  [jvm.dll+0x371c81]
V  [jvm.dll+0x7f1b66]
V  [jvm.dll+0x3f58df]
V  [jvm.dll+0x3f7511]
C  [jli.dll+0x528f]
C  [ucrtbase.dll+0x29333]
C  [KERNEL32.DLL+0x1257d]
C  [ntdll.dll+0x5aa48]


---------------  P R O C E S S  ---------------

Threads class SMR info:
_java_thread_list=0x00007ffa254cef58, length=0, elements={
}

Java Threads: ( => current thread )

Other Threads:
  0x0000018a9f695180 GCTaskThread "GC Thread#0" [stack: 0x00000075ee700000,0x00000075ee800000] [id=24628]
  0x0000018a9f6a1c90 ConcurrentGCThread "G1 Main Marker" [stack: 0x00000075ee800000,0x00000075ee900000] [id=26024]
  0x0000018a9f6a2e50 ConcurrentGCThread "G1 Conc#0" [stack: 0x00000075ee900000,0x00000075eea00000] [id=25132]

[error occurred during error reporting (printing all threads), id 0xc0000005, EXCEPTION_ACCESS_VIOLATION (0xc0000005) at pc=0x00007ffa24c83547]

VM state: not at safepoint (not fully initialized)

VM Mutex/Monitor currently owned by a thread:  ([mutex/lock_event])
[0x0000018a9f646110] Heap_lock - owner thread: 0x0000018a9f649fb0

Heap address: 0x00000000a2200000, size: 1502 MB, Compressed Oops mode: 32-bit

CDS archive(s) mapped at: [0x0000000000000000-0x0000000000000000-0x0000000000000000), size 0, SharedBaseAddress: 0x0000000800000000, ArchiveRelocationMode: 1.
Narrow klass base: 0x0000000000000000, Narrow klass shift: 0, Narrow klass range: 0x0

GC Precious Log:
<Empty>

Heap:
 garbage-first heap   total 0K, used 0K [0x00000000a2200000, 0x0000000100000000)
  region size 1024K, 0 young (0K), 0 survivors (0K)
 Metaspace       used 0K, committed 0K, reserved 0K
  class space    used 0K, committed 0K, reserved 0K

Heap Regions: E=young(eden), S=young(survivor), O=old, HS=humongous(starts), HC=humongous(continues), CS=collection set, F=free, OA=open archive, CA=closed archive, TAMS=top-at-mark-start (previous, next)

Card table byte_map: [0x0000018ab2140000,0x0000018ab2430000] _byte_map_base: 0x0000018ab1c2f000

Marking Bits (Prev, Next): (CMBitMap*) 0x0000018a9f6957a0, (CMBitMap*) 0x0000018a9f6957e0
 Prev Bits: [0x0000018ab2720000, 0x0000018ab3e98000)
 Next Bits: [0x0000018ab3ea0000, 0x0000018ab5618000)

GC Heap History (0 events):
No events

Dll operation events (1 events):
Event: 0.009 Loaded shared library C:\Program Files\Android\Android Studio\jbr\bin\java.dll

Deoptimization events (0 events):
No events

Classes unloaded (0 events):
No events

Classes redefined (0 events):
No events

Internal exceptions (0 events):
No events

VM Operations (0 events):
No events

Events (0 events):
No events


Dynamic libraries:
0x00007ff7db530000 - 0x00007ff7db53a000 	C:\Program Files\Android\Android Studio\jbr\bin\java.EXE
0x00007ffaf1eb0000 - 0x00007ffaf20c7000 	C:\WINDOWS\SYSTEM32\ntdll.dll
0x00007ffaf1820000 - 0x00007ffaf18e4000 	C:\WINDOWS\System32\KERNEL32.DLL
0x00007ffaef1d0000 - 0x00007ffaef577000 	C:\WINDOWS\System32\KERNELBASE.dll
0x00007ffaefa10000 - 0x00007ffaefb21000 	C:\WINDOWS\System32\ucrtbase.dll
0x00007ffad35b0000 - 0x00007ffad35c7000 	C:\Program Files\Android\Android Studio\jbr\bin\jli.dll
0x00007ffadde10000 - 0x00007ffadde2b000 	C:\Program Files\Android\Android Studio\jbr\bin\VCRUNTIME140.dll
0x00007ffaf0650000 - 0x00007ffaf07fe000 	C:\WINDOWS\System32\USER32.dll
0x00007ffad5760000 - 0x00007ffad59f3000 	C:\WINDOWS\WinSxS\amd64_microsoft.windows.common-controls_6595b64144ccf1df_6.0.22621.3527_none_270e469b73872a76\COMCTL32.dll
0x00007ffaef760000 - 0x00007ffaef786000 	C:\WINDOWS\System32\win32u.dll
0x00007ffaf1230000 - 0x00007ffaf12d7000 	C:\WINDOWS\System32\msvcrt.dll
0x00007ffaf1390000 - 0x00007ffaf13b9000 	C:\WINDOWS\System32\GDI32.dll
0x00007ffaef830000 - 0x00007ffaef949000 	C:\WINDOWS\System32\gdi32full.dll
0x00007ffaef790000 - 0x00007ffaef82a000 	C:\WINDOWS\System32\msvcp_win.dll
0x00007ffaf1c40000 - 0x00007ffaf1c71000 	C:\WINDOWS\System32\IMM32.DLL
0x00007ffadbfd0000 - 0x00007ffadbfdc000 	C:\Program Files\Android\Android Studio\jbr\bin\vcruntime140_1.dll
0x00007ffa87960000 - 0x00007ffa879ed000 	C:\Program Files\Android\Android Studio\jbr\bin\msvcp140.dll
0x00007ffa24990000 - 0x00007ffa25613000 	C:\Program Files\Android\Android Studio\jbr\bin\server\jvm.dll
0x00007ffaf1db0000 - 0x00007ffaf1e62000 	C:\WINDOWS\System32\ADVAPI32.dll
0x00007ffaf1a50000 - 0x00007ffaf1af8000 	C:\WINDOWS\System32\sechost.dll
0x00007ffaefb30000 - 0x00007ffaefb58000 	C:\WINDOWS\System32\bcrypt.dll
0x00007ffaf14e0000 - 0x00007ffaf15f5000 	C:\WINDOWS\System32\RPCRT4.dll
0x00007ffae7450000 - 0x00007ffae7484000 	C:\WINDOWS\SYSTEM32\WINMM.dll
0x00007ffadce80000 - 0x00007ffadce89000 	C:\WINDOWS\SYSTEM32\WSOCK32.dll
0x00007ffaeeee0000 - 0x00007ffaeef2d000 	C:\WINDOWS\SYSTEM32\POWRPROF.dll
0x00007ffae66b0000 - 0x00007ffae66ba000 	C:\WINDOWS\SYSTEM32\VERSION.dll
0x00007ffaf1460000 - 0x00007ffaf14d1000 	C:\WINDOWS\System32\WS2_32.dll
0x00007ffaeeec0000 - 0x00007ffaeeed3000 	C:\WINDOWS\SYSTEM32\UMPDC.dll
0x00007ffaee1f0000 - 0x00007ffaee208000 	C:\WINDOWS\SYSTEM32\kernel.appcore.dll
0x00007ffaec020000 - 0x00007ffaec02a000 	C:\Program Files\Android\Android Studio\jbr\bin\jimage.dll
0x00007ffaecbe0000 - 0x00007ffaece12000 	C:\WINDOWS\SYSTEM32\DBGHELP.DLL
0x00007ffaefdc0000 - 0x00007ffaf0148000 	C:\WINDOWS\System32\combase.dll
0x00007ffaf1b00000 - 0x00007ffaf1bd7000 	C:\WINDOWS\System32\OLEAUT32.dll
0x00007ffadcf70000 - 0x00007ffadcfa2000 	C:\WINDOWS\SYSTEM32\dbgcore.DLL
0x00007ffaefb60000 - 0x00007ffaefbd9000 	C:\WINDOWS\System32\bcryptPrimitives.dll
0x00007ffadc430000 - 0x00007ffadc455000 	C:\Program Files\Android\Android Studio\jbr\bin\java.dll

dbghelp: loaded successfully - version: 4.0.5 - missing functions: none
symbol engine: initialized successfully - sym options: 0x614 - pdb path: .;C:\Program Files\Android\Android Studio\jbr\bin;C:\WINDOWS\SYSTEM32;C:\WINDOWS\WinSxS\amd64_microsoft.windows.common-controls_6595b64144ccf1df_6.0.22621.3527_none_270e469b73872a76;C:\Program Files\Android\Android Studio\jbr\bin\server

VM Arguments:
java_command: <unknown>
java_class_path (initial): <not set>
Launcher Type: SUN_STANDARD

[Global flags]
     intx CICompilerCount                          = 4                                         {product} {ergonomic}
     uint ConcGCThreads                            = 2                                         {product} {ergonomic}
     uint G1ConcRefinementThreads                  = 8                                         {product} {ergonomic}
   size_t G1HeapRegionSize                         = 1048576                                   {product} {ergonomic}
    uintx GCDrainStackTargetSize                   = 64                                        {product} {ergonomic}
   size_t InitialHeapSize                          = 98566144                                  {product} {ergonomic}
   size_t MarkStackSize                            = 4194304                                   {product} {ergonomic}
   size_t MaxHeapSize                              = 1574961152                                {product} {ergonomic}
   size_t MinHeapDeltaBytes                        = 1048576                                   {product} {ergonomic}
   size_t MinHeapSize                              = 8388608                                   {product} {ergonomic}
    uintx NonNMethodCodeHeapSize                   = 5839372                                {pd product} {ergonomic}
    uintx NonProfiledCodeHeapSize                  = 122909434                              {pd product} {ergonomic}
    uintx ProfiledCodeHeapSize                     = 122909434                              {pd product} {ergonomic}
    uintx ReservedCodeCacheSize                    = 251658240                              {pd product} {ergonomic}
     bool SegmentedCodeCache                       = true                                      {product} {ergonomic}
   size_t SoftMaxHeapSize                          = 1574961152                             {manageable} {ergonomic}
     bool UseCompressedClassPointers               = true                           {product lp64_product} {ergonomic}
     bool UseCompressedOops                        = true                           {product lp64_product} {ergonomic}
     bool UseG1GC                                  = true                                      {product} {ergonomic}
     bool UseLargePagesIndividualAllocation        = false                                  {pd product} {ergonomic}

Logging:
Log output configuration:
 #0: stdout all=warning uptime,level,tags
 #1: stderr all=off uptime,level,tags

Environment Variables:
JAVA_HOME=C:\Program Files\Android\Android Studio\jbr
PATH=C:\Program Files\Android\Android Studio\jbr\bin;C:\Program Files (x86)\Common Files\Oracle\Java\javapath;D:\app\oracle\product\11.2.0\server\bin;E:\app\lenovo\product\11.2.0\dbhome_1\bin;C:\Program Files (x86)\Common Files\Intel\Shared Files\cpp\bin\Intel64;C:\WINDOWS\system32;C:\WINDOWS;C:\WINDOWS\System32\Wbem;C:\WINDOWS\System32\WindowsPowerShell\v1.0\;C:\WINDOWS\System32\OpenSSH\;C:\Program Files\Go\bin;C:\Program Files\nodejs\;C:\xampp\php;C:\xampp;C:\composer;C:\Program Files\Git\cmd;C:\Program Files (x86)\Windows Kits\10\Windows Performance Toolkit\;C:\Users\lenovo\AppData\Local\Programs\Python\Python39\Scripts\;C:\Users\lenovo\AppData\Local\Programs\Python\Python39\;C:\Users\lenovo\AppData\Local\Microsoft\WindowsApps;C:\Users\lenovo\AppData\Local\Programs\Microsoft VS Code\bin;C:\Users\lenovo\go\bin;C:\Users\lenovo\AppData\Roaming\npm;C:\Users\lenovo\AppData\Roaming\Composer\vendor\bin;C:\Users\lenovo\AppData\Local\Pub\Cache\bin;C:\flutter\bin;;C:\flutter\bin\mingit\cmd
USERNAME=lenovo
OS=Windows_NT
PROCESSOR_IDENTIFIER=AMD64 Family 23 Model 104 Stepping 1, AuthenticAMD
TMP=C:\Users\lenovo\AppData\Local\Temp
TEMP=C:\Users\lenovo\AppData\Local\Temp



Periodic native trim disabled

JNI global refs:
JNI global refs: 0, weak refs: 0

JNI global refs memory usage: 0, weak refs: 0

OOME stack traces (most recent first):
Classloader memory used:


---------------  S Y S T E M  ---------------

OS:
 Windows 11 , 64 bit Build 22621 (10.0.22621.3527)
OS uptime: 5 days 23:54 hours

CPU: total 8 (initial active 8) (8 cores per cpu, 2 threads per core) family 23 model 104 stepping 1 microcode 0x0, cx8, cmov, fxsr, ht, mmx, 3dnowpref, sse, sse2, sse3, ssse3, sse4a, sse4.1, sse4.2, popcnt, lzcnt, tsc, tscinvbit, avx, avx2, aes, clmul, bmi1, bmi2, adx, sha, fma, vzeroupper, clflush, clflushopt
Processor Information for processor 0
  Max Mhz: 2600, Current Mhz: 2600, Mhz Limit: 2600
Processor Information for processor 1
  Max Mhz: 2600, Current Mhz: 2600, Mhz Limit: 2600
Processor Information for processor 2
  Max Mhz: 2600, Current Mhz: 2600, Mhz Limit: 2600
Processor Information for processor 3
  Max Mhz: 2600, Current Mhz: 1789, Mhz Limit: 2600
Processor Information for processor 4
  Max Mhz: 2600, Current Mhz: 2600, Mhz Limit: 2600
Processor Information for processor 5
  Max Mhz: 2600, Current Mhz: 1789, Mhz Limit: 2600
Processor Information for processor 6
  Max Mhz: 2600, Current Mhz: 2600, Mhz Limit: 2600
Processor Information for processor 7
  Max Mhz: 2600, Current Mhz: 2600, Mhz Limit: 2600

Memory: 4k page, system-wide physical 6005M (61M free)
TotalPageFile size 24437M (AvailPageFile size 59M)
current process WorkingSet (physical memory assigned to process): 11M, peak: 11M
current process commit charge ("private bytes"): 60M, peak: 154M

vm_info: OpenJDK 64-Bit Server VM (17.0.10+0--11572160) for windows-amd64 JRE (17.0.10+0--11572160), built on Mar 13 2024 23:56:38 by "androidbuild" with MS VC++ 16.10 / 16.11 (VS2019)

END.
